{"/Users/jamnbriones/rithm/exercises/express-jobly/app.js": {"path":"/Users/jamnbriones/rithm/exercises/express-jobly/app.js","statementMap":{"0":{"start":{"line":5,"column":16},"end":{"line":5,"column":34}},"1":{"start":{"line":6,"column":13},"end":{"line":6,"column":28}},"2":{"start":{"line":8,"column":26},"end":{"line":8,"column":51}},"3":{"start":{"line":10,"column":28},"end":{"line":10,"column":56}},"4":{"start":{"line":11,"column":19},"end":{"line":11,"column":43}},"5":{"start":{"line":12,"column":24},"end":{"line":12,"column":53}},"6":{"start":{"line":13,"column":20},"end":{"line":13,"column":45}},"7":{"start":{"line":14,"column":18},"end":{"line":14,"column":42}},"8":{"start":{"line":16,"column":15},"end":{"line":16,"column":32}},"9":{"start":{"line":18,"column":12},"end":{"line":18,"column":21}},"10":{"start":{"line":20,"column":0},"end":{"line":20,"column":16}},"11":{"start":{"line":21,"column":0},"end":{"line":21,"column":24}},"12":{"start":{"line":22,"column":0},"end":{"line":22,"column":24}},"13":{"start":{"line":23,"column":0},"end":{"line":23,"column":25}},"14":{"start":{"line":25,"column":0},"end":{"line":25,"column":29}},"15":{"start":{"line":26,"column":0},"end":{"line":26,"column":39}},"16":{"start":{"line":27,"column":0},"end":{"line":27,"column":31}},"17":{"start":{"line":28,"column":0},"end":{"line":28,"column":28}},"18":{"start":{"line":32,"column":0},"end":{"line":34,"column":3}},"19":{"start":{"line":33,"column":2},"end":{"line":33,"column":28}},"20":{"start":{"line":37,"column":0},"end":{"line":46,"column":3}},"21":{"start":{"line":38,"column":2},"end":{"line":38,"column":64}},"22":{"start":{"line":38,"column":39},"end":{"line":38,"column":64}},"23":{"start":{"line":41,"column":18},"end":{"line":41,"column":29}},"24":{"start":{"line":43,"column":2},"end":{"line":45,"column":5}},"25":{"start":{"line":48,"column":0},"end":{"line":48,"column":21}}},"fnMap":{"0":{"name":"(anonymous_0)","decl":{"start":{"line":32,"column":8},"end":{"line":32,"column":9}},"loc":{"start":{"line":32,"column":34},"end":{"line":34,"column":1}},"line":32},"1":{"name":"(anonymous_1)","decl":{"start":{"line":37,"column":8},"end":{"line":37,"column":9}},"loc":{"start":{"line":37,"column":39},"end":{"line":46,"column":1}},"line":37}},"branchMap":{"0":{"loc":{"start":{"line":38,"column":2},"end":{"line":38,"column":64}},"type":"if","locations":[{"start":{"line":38,"column":2},"end":{"line":38,"column":64}},{"start":{},"end":{}}],"line":38}},"s":{"0":5,"1":5,"2":5,"3":5,"4":5,"5":5,"6":5,"7":5,"8":5,"9":5,"10":5,"11":5,"12":5,"13":5,"14":5,"15":5,"16":5,"17":5,"18":5,"19":2,"20":5,"21":56,"22":1,"23":56,"24":56,"25":5},"f":{"0":2,"1":56},"b":{"0":[1,55]},"_coverageSchema":"1a1c01bbd47fc00a2c39e90264f33305004495a9","hash":"77b338088a444707f09e5e506b37f6ec245c5206"}
,"/Users/jamnbriones/rithm/exercises/express-jobly/config.js": {"path":"/Users/jamnbriones/rithm/exercises/express-jobly/config.js","statementMap":{"0":{"start":{"line":5,"column":0},"end":{"line":5,"column":27}},"1":{"start":{"line":6,"column":0},"end":{"line":6,"column":18}},"2":{"start":{"line":8,"column":19},"end":{"line":8,"column":57}},"3":{"start":{"line":10,"column":13},"end":{"line":10,"column":38}},"4":{"start":{"line":14,"column":2},"end":{"line":16,"column":58}},"5":{"start":{"line":21,"column":27},"end":{"line":21,"column":67}},"6":{"start":{"line":23,"column":0},"end":{"line":32,"column":1}},"7":{"start":{"line":24,"column":2},"end":{"line":31,"column":6}},"8":{"start":{"line":34,"column":0},"end":{"line":39,"column":2}}},"fnMap":{"0":{"name":"getDatabaseUri","decl":{"start":{"line":13,"column":9},"end":{"line":13,"column":23}},"loc":{"start":{"line":13,"column":26},"end":{"line":17,"column":1}},"line":13}},"branchMap":{"0":{"loc":{"start":{"line":8,"column":19},"end":{"line":8,"column":57}},"type":"binary-expr","locations":[{"start":{"line":8,"column":19},"end":{"line":8,"column":41}},{"start":{"line":8,"column":45},"end":{"line":8,"column":57}}],"line":8},"1":{"loc":{"start":{"line":10,"column":13},"end":{"line":10,"column":38}},"type":"binary-expr","locations":[{"start":{"line":10,"column":13},"end":{"line":10,"column":30}},{"start":{"line":10,"column":34},"end":{"line":10,"column":38}}],"line":10},"2":{"loc":{"start":{"line":14,"column":9},"end":{"line":16,"column":57}},"type":"cond-expr","locations":[{"start":{"line":15,"column":8},"end":{"line":15,"column":34}},{"start":{"line":16,"column":8},"end":{"line":16,"column":57}}],"line":14},"3":{"loc":{"start":{"line":16,"column":8},"end":{"line":16,"column":57}},"type":"binary-expr","locations":[{"start":{"line":16,"column":8},"end":{"line":16,"column":32}},{"start":{"line":16,"column":36},"end":{"line":16,"column":57}}],"line":16},"4":{"loc":{"start":{"line":21,"column":27},"end":{"line":21,"column":67}},"type":"cond-expr","locations":[{"start":{"line":21,"column":61},"end":{"line":21,"column":62}},{"start":{"line":21,"column":65},"end":{"line":21,"column":67}}],"line":21},"5":{"loc":{"start":{"line":23,"column":0},"end":{"line":32,"column":1}},"type":"if","locations":[{"start":{"line":23,"column":0},"end":{"line":32,"column":1}},{"start":{},"end":{}}],"line":23}},"s":{"0":11,"1":11,"2":11,"3":11,"4":12,"5":11,"6":11,"7":1,"8":11},"f":{"0":12},"b":{"0":[11,10],"1":[11,10],"2":[9,3],"3":[3,1],"4":[10,1],"5":[1,10]},"_coverageSchema":"1a1c01bbd47fc00a2c39e90264f33305004495a9","hash":"3895d61757e8c387f106e2a1f446d883dd49e2b9"}
,"/Users/jamnbriones/rithm/exercises/express-jobly/db.js": {"path":"/Users/jamnbriones/rithm/exercises/express-jobly/db.js","statementMap":{"0":{"start":{"line":5,"column":19},"end":{"line":5,"column":32}},"1":{"start":{"line":6,"column":27},"end":{"line":6,"column":46}},"2":{"start":{"line":8,"column":20},"end":{"line":8,"column":36}},"3":{"start":{"line":10,"column":11},"end":{"line":12,"column":2}},"4":{"start":{"line":16,"column":25},"end":{"line":16,"column":43}},"5":{"start":{"line":17,"column":2},"end":{"line":23,"column":3}},"6":{"start":{"line":18,"column":4},"end":{"line":18,"column":23}},"7":{"start":{"line":19,"column":4},"end":{"line":19,"column":39}},"8":{"start":{"line":25,"column":0},"end":{"line":25,"column":12}},"9":{"start":{"line":27,"column":0},"end":{"line":27,"column":20}}},"fnMap":{"0":{"name":"connectDb","decl":{"start":{"line":14,"column":15},"end":{"line":14,"column":24}},"loc":{"start":{"line":14,"column":27},"end":{"line":24,"column":1}},"line":14}},"branchMap":{},"s":{"0":8,"1":8,"2":8,"3":8,"4":8,"5":8,"6":8,"7":8,"8":8,"9":8},"f":{"0":8},"b":{},"_coverageSchema":"1a1c01bbd47fc00a2c39e90264f33305004495a9","hash":"41933fab45fd8d54fade770e8997d184da8c816d"}
,"/Users/jamnbriones/rithm/exercises/express-jobly/expressError.js": {"path":"/Users/jamnbriones/rithm/exercises/express-jobly/expressError.js","statementMap":{"0":{"start":{"line":11,"column":4},"end":{"line":11,"column":12}},"1":{"start":{"line":12,"column":4},"end":{"line":12,"column":27}},"2":{"start":{"line":13,"column":4},"end":{"line":13,"column":25}},"3":{"start":{"line":21,"column":4},"end":{"line":21,"column":24}},"4":{"start":{"line":29,"column":4},"end":{"line":29,"column":24}},"5":{"start":{"line":37,"column":4},"end":{"line":37,"column":24}},"6":{"start":{"line":45,"column":4},"end":{"line":45,"column":24}},"7":{"start":{"line":49,"column":0},"end":{"line":55,"column":2}}},"fnMap":{"0":{"name":"(anonymous_0)","decl":{"start":{"line":10,"column":2},"end":{"line":10,"column":3}},"loc":{"start":{"line":10,"column":31},"end":{"line":14,"column":3}},"line":10},"1":{"name":"(anonymous_1)","decl":{"start":{"line":20,"column":2},"end":{"line":20,"column":3}},"loc":{"start":{"line":20,"column":37},"end":{"line":22,"column":3}},"line":20},"2":{"name":"(anonymous_2)","decl":{"start":{"line":28,"column":2},"end":{"line":28,"column":3}},"loc":{"start":{"line":28,"column":40},"end":{"line":30,"column":3}},"line":28},"3":{"name":"(anonymous_3)","decl":{"start":{"line":36,"column":2},"end":{"line":36,"column":3}},"loc":{"start":{"line":36,"column":39},"end":{"line":38,"column":3}},"line":36},"4":{"name":"(anonymous_4)","decl":{"start":{"line":44,"column":2},"end":{"line":44,"column":3}},"loc":{"start":{"line":44,"column":37},"end":{"line":46,"column":3}},"line":44}},"branchMap":{"0":{"loc":{"start":{"line":20,"column":14},"end":{"line":20,"column":35}},"type":"default-arg","locations":[{"start":{"line":20,"column":24},"end":{"line":20,"column":35}}],"line":20},"1":{"loc":{"start":{"line":28,"column":14},"end":{"line":28,"column":38}},"type":"default-arg","locations":[{"start":{"line":28,"column":24},"end":{"line":28,"column":38}}],"line":28},"2":{"loc":{"start":{"line":36,"column":14},"end":{"line":36,"column":37}},"type":"default-arg","locations":[{"start":{"line":36,"column":24},"end":{"line":36,"column":37}}],"line":36},"3":{"loc":{"start":{"line":44,"column":14},"end":{"line":44,"column":35}},"type":"default-arg","locations":[{"start":{"line":44,"column":24},"end":{"line":44,"column":35}}],"line":44}},"s":{"0":79,"1":79,"2":79,"3":24,"4":31,"5":24,"6":0,"7":10},"f":{"0":79,"1":24,"2":31,"3":24,"4":0},"b":{"0":[2],"1":[27],"2":[0],"3":[0]},"_coverageSchema":"1a1c01bbd47fc00a2c39e90264f33305004495a9","hash":"6ff3df5123b8ae7c3641b998995baf6d8bcf3929"}
,"/Users/jamnbriones/rithm/exercises/express-jobly/helpers/sql.js": {"path":"/Users/jamnbriones/rithm/exercises/express-jobly/helpers/sql.js","statementMap":{"0":{"start":{"line":3,"column":28},"end":{"line":3,"column":54}},"1":{"start":{"line":17,"column":15},"end":{"line":17,"column":40}},"2":{"start":{"line":18,"column":2},"end":{"line":18,"column":62}},"3":{"start":{"line":18,"column":25},"end":{"line":18,"column":62}},"4":{"start":{"line":21,"column":15},"end":{"line":23,"column":3}},"5":{"start":{"line":22,"column":6},"end":{"line":22,"column":52}},"6":{"start":{"line":25,"column":2},"end":{"line":28,"column":4}},"7":{"start":{"line":31,"column":0},"end":{"line":31,"column":41}}},"fnMap":{"0":{"name":"sqlForPartialUpdate","decl":{"start":{"line":16,"column":9},"end":{"line":16,"column":28}},"loc":{"start":{"line":16,"column":52},"end":{"line":29,"column":1}},"line":16},"1":{"name":"(anonymous_1)","decl":{"start":{"line":21,"column":24},"end":{"line":21,"column":25}},"loc":{"start":{"line":22,"column":6},"end":{"line":22,"column":52}},"line":22}},"branchMap":{"0":{"loc":{"start":{"line":18,"column":2},"end":{"line":18,"column":62}},"type":"if","locations":[{"start":{"line":18,"column":2},"end":{"line":18,"column":62}},{"start":{},"end":{}}],"line":18},"1":{"loc":{"start":{"line":22,"column":10},"end":{"line":22,"column":37}},"type":"binary-expr","locations":[{"start":{"line":22,"column":10},"end":{"line":22,"column":26}},{"start":{"line":22,"column":30},"end":{"line":22,"column":37}}],"line":22}},"s":{"0":9,"1":22,"2":22,"3":3,"4":19,"5":38,"6":19,"7":9},"f":{"0":22,"1":38},"b":{"0":[3,19],"1":[38,23]},"_coverageSchema":"1a1c01bbd47fc00a2c39e90264f33305004495a9","hash":"674ab04f03edd5e74293929ab114e28bf8f29758"}
,"/Users/jamnbriones/rithm/exercises/express-jobly/helpers/tokens.js": {"path":"/Users/jamnbriones/rithm/exercises/express-jobly/helpers/tokens.js","statementMap":{"0":{"start":{"line":3,"column":12},"end":{"line":3,"column":35}},"1":{"start":{"line":4,"column":23},"end":{"line":4,"column":43}},"2":{"start":{"line":9,"column":16},"end":{"line":12,"column":3}},"3":{"start":{"line":14,"column":2},"end":{"line":14,"column":39}},"4":{"start":{"line":17,"column":0},"end":{"line":17,"column":33}}},"fnMap":{"0":{"name":"createToken","decl":{"start":{"line":8,"column":9},"end":{"line":8,"column":20}},"loc":{"start":{"line":8,"column":27},"end":{"line":15,"column":1}},"line":8}},"branchMap":{},"s":{"0":6,"1":6,"2":19,"3":19,"4":6},"f":{"0":19},"b":{},"_coverageSchema":"1a1c01bbd47fc00a2c39e90264f33305004495a9","hash":"14d2360484d69b6f487de1d22654237883799727"}
,"/Users/jamnbriones/rithm/exercises/express-jobly/middleware/auth.js": {"path":"/Users/jamnbriones/rithm/exercises/express-jobly/middleware/auth.js","statementMap":{"0":{"start":{"line":5,"column":12},"end":{"line":5,"column":35}},"1":{"start":{"line":6,"column":23},"end":{"line":6,"column":43}},"2":{"start":{"line":7,"column":30},"end":{"line":7,"column":56}},"3":{"start":{"line":19,"column":21},"end":{"line":19,"column":47}},"4":{"start":{"line":20,"column":2},"end":{"line":28,"column":3}},"5":{"start":{"line":21,"column":18},"end":{"line":21,"column":62}},"6":{"start":{"line":23,"column":4},"end":{"line":27,"column":5}},"7":{"start":{"line":24,"column":6},"end":{"line":24,"column":54}},"8":{"start":{"line":29,"column":2},"end":{"line":29,"column":16}},"9":{"start":{"line":39,"column":2},"end":{"line":39,"column":47}},"10":{"start":{"line":39,"column":33},"end":{"line":39,"column":47}},"11":{"start":{"line":40,"column":2},"end":{"line":40,"column":32}},"12":{"start":{"line":50,"column":2},"end":{"line":50,"column":84}},"13":{"start":{"line":50,"column":70},"end":{"line":50,"column":84}},"14":{"start":{"line":51,"column":2},"end":{"line":51,"column":32}},"15":{"start":{"line":61,"column":18},"end":{"line":61,"column":33}},"16":{"start":{"line":63,"column":2},"end":{"line":63,"column":83}},"17":{"start":{"line":63,"column":69},"end":{"line":63,"column":83}},"18":{"start":{"line":64,"column":2},"end":{"line":64,"column":32}},"19":{"start":{"line":68,"column":0},"end":{"line":73,"column":2}}},"fnMap":{"0":{"name":"authenticateJWT","decl":{"start":{"line":18,"column":9},"end":{"line":18,"column":24}},"loc":{"start":{"line":18,"column":41},"end":{"line":31,"column":1}},"line":18},"1":{"name":"ensureLoggedIn","decl":{"start":{"line":38,"column":9},"end":{"line":38,"column":23}},"loc":{"start":{"line":38,"column":40},"end":{"line":41,"column":1}},"line":38},"2":{"name":"ensureIsAdmin","decl":{"start":{"line":48,"column":9},"end":{"line":48,"column":22}},"loc":{"start":{"line":48,"column":39},"end":{"line":52,"column":1}},"line":48},"3":{"name":"ensureIsAdminOrUser","decl":{"start":{"line":60,"column":9},"end":{"line":60,"column":28}},"loc":{"start":{"line":60,"column":45},"end":{"line":65,"column":1}},"line":60}},"branchMap":{"0":{"loc":{"start":{"line":20,"column":2},"end":{"line":28,"column":3}},"type":"if","locations":[{"start":{"line":20,"column":2},"end":{"line":28,"column":3}},{"start":{},"end":{}}],"line":20},"1":{"loc":{"start":{"line":39,"column":2},"end":{"line":39,"column":47}},"type":"if","locations":[{"start":{"line":39,"column":2},"end":{"line":39,"column":47}},{"start":{},"end":{}}],"line":39},"2":{"loc":{"start":{"line":50,"column":2},"end":{"line":50,"column":84}},"type":"if","locations":[{"start":{"line":50,"column":2},"end":{"line":50,"column":84}},{"start":{},"end":{}}],"line":50},"3":{"loc":{"start":{"line":50,"column":6},"end":{"line":50,"column":68}},"type":"binary-expr","locations":[{"start":{"line":50,"column":6},"end":{"line":50,"column":39}},{"start":{"line":50,"column":43},"end":{"line":50,"column":68}}],"line":50},"4":{"loc":{"start":{"line":63,"column":2},"end":{"line":63,"column":83}},"type":"if","locations":[{"start":{"line":63,"column":2},"end":{"line":63,"column":83}},{"start":{},"end":{}}],"line":63},"5":{"loc":{"start":{"line":63,"column":6},"end":{"line":63,"column":67}},"type":"binary-expr","locations":[{"start":{"line":63,"column":6},"end":{"line":63,"column":22}},{"start":{"line":63,"column":26},"end":{"line":63,"column":67}}],"line":63}},"s":{"0":6,"1":6,"2":6,"3":88,"4":88,"5":52,"6":52,"7":52,"8":88,"9":3,"10":1,"11":2,"12":40,"13":24,"14":16,"15":25,"16":25,"17":16,"18":9,"19":6},"f":{"0":88,"1":3,"2":40,"3":25},"b":{"0":[52,36],"1":[1,2],"2":[24,16],"3":[40,24],"4":[16,9],"5":[25,14]},"_coverageSchema":"1a1c01bbd47fc00a2c39e90264f33305004495a9","hash":"608780c4386e927eb898c5582c7372053cf8b4d0"}
,"/Users/jamnbriones/rithm/exercises/express-jobly/models/_testCommon.js": {"path":"/Users/jamnbriones/rithm/exercises/express-jobly/models/_testCommon.js","statementMap":{"0":{"start":{"line":3,"column":15},"end":{"line":3,"column":32}},"1":{"start":{"line":5,"column":11},"end":{"line":5,"column":30}},"2":{"start":{"line":6,"column":31},"end":{"line":6,"column":51}},"3":{"start":{"line":7,"column":13},"end":{"line":7,"column":15}},"4":{"start":{"line":11,"column":2},"end":{"line":11,"column":37}},"5":{"start":{"line":13,"column":2},"end":{"line":13,"column":42}},"6":{"start":{"line":15,"column":2},"end":{"line":15,"column":38}},"7":{"start":{"line":17,"column":2},"end":{"line":21,"column":57}},"8":{"start":{"line":23,"column":2},"end":{"line":34,"column":5}},"9":{"start":{"line":36,"column":19},"end":{"line":41,"column":20}},"10":{"start":{"line":43,"column":2},"end":{"line":43,"column":55}},"11":{"start":{"line":43,"column":48},"end":{"line":43,"column":52}},"12":{"start":{"line":47,"column":2},"end":{"line":47,"column":26}},"13":{"start":{"line":51,"column":2},"end":{"line":51,"column":29}},"14":{"start":{"line":55,"column":2},"end":{"line":55,"column":17}},"15":{"start":{"line":58,"column":0},"end":{"line":64,"column":2}}},"fnMap":{"0":{"name":"commonBeforeAll","decl":{"start":{"line":9,"column":15},"end":{"line":9,"column":30}},"loc":{"start":{"line":9,"column":33},"end":{"line":44,"column":1}},"line":9},"1":{"name":"(anonymous_1)","decl":{"start":{"line":43,"column":43},"end":{"line":43,"column":44}},"loc":{"start":{"line":43,"column":48},"end":{"line":43,"column":52}},"line":43},"2":{"name":"commonBeforeEach","decl":{"start":{"line":46,"column":15},"end":{"line":46,"column":31}},"loc":{"start":{"line":46,"column":34},"end":{"line":48,"column":1}},"line":46},"3":{"name":"commonAfterEach","decl":{"start":{"line":50,"column":15},"end":{"line":50,"column":30}},"loc":{"start":{"line":50,"column":33},"end":{"line":52,"column":1}},"line":50},"4":{"name":"commonAfterAll","decl":{"start":{"line":54,"column":15},"end":{"line":54,"column":29}},"loc":{"start":{"line":54,"column":32},"end":{"line":56,"column":1}},"line":54}},"branchMap":{},"s":{"0":3,"1":3,"2":3,"3":3,"4":3,"5":3,"6":3,"7":3,"8":3,"9":3,"10":3,"11":9,"12":53,"13":53,"14":3,"15":3},"f":{"0":3,"1":9,"2":53,"3":53,"4":3},"b":{},"_coverageSchema":"1a1c01bbd47fc00a2c39e90264f33305004495a9","hash":"f075c4c201a29336ae16f354f84504e8212729ea"}
,"/Users/jamnbriones/rithm/exercises/express-jobly/models/company.js": {"path":"/Users/jamnbriones/rithm/exercises/express-jobly/models/company.js","statementMap":{"0":{"start":{"line":3,"column":11},"end":{"line":3,"column":27}},"1":{"start":{"line":4,"column":43},"end":{"line":4,"column":69}},"2":{"start":{"line":5,"column":32},"end":{"line":5,"column":57}},"3":{"start":{"line":20,"column":27},"end":{"line":23,"column":37}},"4":{"start":{"line":25,"column":4},"end":{"line":26,"column":64}},"5":{"start":{"line":26,"column":6},"end":{"line":26,"column":64}},"6":{"start":{"line":28,"column":19},"end":{"line":47,"column":5}},"7":{"start":{"line":48,"column":20},"end":{"line":48,"column":34}},"8":{"start":{"line":50,"column":4},"end":{"line":50,"column":19}},"9":{"start":{"line":63,"column":22},"end":{"line":63,"column":24}},"10":{"start":{"line":64,"column":53},"end":{"line":64,"column":59}},"11":{"start":{"line":66,"column":4},"end":{"line":68,"column":5}},"12":{"start":{"line":67,"column":6},"end":{"line":67,"column":79}},"13":{"start":{"line":79,"column":32},"end":{"line":79,"column":61}},"14":{"start":{"line":82,"column":25},"end":{"line":91,"column":18}},"15":{"start":{"line":92,"column":4},"end":{"line":92,"column":29}},"16":{"start":{"line":103,"column":17},"end":{"line":103,"column":34}},"17":{"start":{"line":105,"column":4},"end":{"line":107,"column":5}},"18":{"start":{"line":106,"column":6},"end":{"line":106,"column":39}},"19":{"start":{"line":109,"column":22},"end":{"line":109,"column":30}},"20":{"start":{"line":111,"column":20},"end":{"line":115,"column":6}},"21":{"start":{"line":112,"column":6},"end":{"line":112,"column":78}},"22":{"start":{"line":112,"column":38},"end":{"line":112,"column":78}},"23":{"start":{"line":113,"column":6},"end":{"line":113,"column":79}},"24":{"start":{"line":113,"column":38},"end":{"line":113,"column":79}},"25":{"start":{"line":114,"column":6},"end":{"line":114,"column":78}},"26":{"start":{"line":114,"column":34},"end":{"line":114,"column":78}},"27":{"start":{"line":117,"column":4},"end":{"line":120,"column":6}},"28":{"start":{"line":133,"column":23},"end":{"line":140,"column":37}},"29":{"start":{"line":142,"column":20},"end":{"line":142,"column":38}},"30":{"start":{"line":144,"column":4},"end":{"line":144,"column":67}},"31":{"start":{"line":144,"column":18},"end":{"line":144,"column":67}},"32":{"start":{"line":146,"column":19},"end":{"line":154,"column":36}},"33":{"start":{"line":156,"column":4},"end":{"line":156,"column":30}},"34":{"start":{"line":158,"column":4},"end":{"line":158,"column":19}},"35":{"start":{"line":174,"column":32},"end":{"line":179,"column":8}},"36":{"start":{"line":180,"column":25},"end":{"line":180,"column":50}},"37":{"start":{"line":182,"column":21},"end":{"line":191,"column":34}},"38":{"start":{"line":192,"column":19},"end":{"line":192,"column":64}},"39":{"start":{"line":193,"column":20},"end":{"line":193,"column":34}},"40":{"start":{"line":195,"column":4},"end":{"line":195,"column":67}},"41":{"start":{"line":195,"column":18},"end":{"line":195,"column":67}},"42":{"start":{"line":197,"column":4},"end":{"line":197,"column":19}},"43":{"start":{"line":206,"column":19},"end":{"line":210,"column":36}},"44":{"start":{"line":211,"column":20},"end":{"line":211,"column":34}},"45":{"start":{"line":213,"column":4},"end":{"line":213,"column":67}},"46":{"start":{"line":213,"column":18},"end":{"line":213,"column":67}},"47":{"start":{"line":218,"column":0},"end":{"line":218,"column":25}}},"fnMap":{"0":{"name":"(anonymous_0)","decl":{"start":{"line":19,"column":2},"end":{"line":19,"column":3}},"loc":{"start":{"line":19,"column":76},"end":{"line":51,"column":3}},"line":19},"1":{"name":"(anonymous_1)","decl":{"start":{"line":62,"column":2},"end":{"line":62,"column":3}},"loc":{"start":{"line":62,"column":36},"end":{"line":93,"column":3}},"line":62},"2":{"name":"(anonymous_2)","decl":{"start":{"line":102,"column":2},"end":{"line":102,"column":3}},"loc":{"start":{"line":102,"column":32},"end":{"line":122,"column":3}},"line":102},"3":{"name":"(anonymous_3)","decl":{"start":{"line":111,"column":29},"end":{"line":111,"column":30}},"loc":{"start":{"line":111,"column":47},"end":{"line":115,"column":5}},"line":111},"4":{"name":"(anonymous_4)","decl":{"start":{"line":132,"column":2},"end":{"line":132,"column":3}},"loc":{"start":{"line":132,"column":27},"end":{"line":159,"column":3}},"line":132},"5":{"name":"(anonymous_5)","decl":{"start":{"line":173,"column":2},"end":{"line":173,"column":3}},"loc":{"start":{"line":173,"column":36},"end":{"line":198,"column":3}},"line":173},"6":{"name":"(anonymous_6)","decl":{"start":{"line":205,"column":2},"end":{"line":205,"column":3}},"loc":{"start":{"line":205,"column":30},"end":{"line":214,"column":3}},"line":205}},"branchMap":{"0":{"loc":{"start":{"line":25,"column":4},"end":{"line":26,"column":64}},"type":"if","locations":[{"start":{"line":25,"column":4},"end":{"line":26,"column":64}},{"start":{},"end":{}}],"line":25},"1":{"loc":{"start":{"line":62,"column":23},"end":{"line":62,"column":34}},"type":"default-arg","locations":[{"start":{"line":62,"column":32},"end":{"line":62,"column":34}}],"line":62},"2":{"loc":{"start":{"line":66,"column":4},"end":{"line":68,"column":5}},"type":"if","locations":[{"start":{"line":66,"column":4},"end":{"line":68,"column":5}},{"start":{},"end":{}}],"line":66},"3":{"loc":{"start":{"line":105,"column":4},"end":{"line":107,"column":5}},"type":"if","locations":[{"start":{"line":105,"column":4},"end":{"line":107,"column":5}},{"start":{},"end":{}}],"line":105},"4":{"loc":{"start":{"line":112,"column":6},"end":{"line":112,"column":78}},"type":"if","locations":[{"start":{"line":112,"column":6},"end":{"line":112,"column":78}},{"start":{},"end":{}}],"line":112},"5":{"loc":{"start":{"line":113,"column":6},"end":{"line":113,"column":79}},"type":"if","locations":[{"start":{"line":113,"column":6},"end":{"line":113,"column":79}},{"start":{},"end":{}}],"line":113},"6":{"loc":{"start":{"line":114,"column":6},"end":{"line":114,"column":78}},"type":"if","locations":[{"start":{"line":114,"column":6},"end":{"line":114,"column":78}},{"start":{},"end":{}}],"line":114},"7":{"loc":{"start":{"line":144,"column":4},"end":{"line":144,"column":67}},"type":"if","locations":[{"start":{"line":144,"column":4},"end":{"line":144,"column":67}},{"start":{},"end":{}}],"line":144},"8":{"loc":{"start":{"line":195,"column":4},"end":{"line":195,"column":67}},"type":"if","locations":[{"start":{"line":195,"column":4},"end":{"line":195,"column":67}},{"start":{},"end":{}}],"line":195},"9":{"loc":{"start":{"line":213,"column":4},"end":{"line":213,"column":67}},"type":"if","locations":[{"start":{"line":213,"column":4},"end":{"line":213,"column":67}},{"start":{},"end":{}}],"line":213}},"s":{"0":7,"1":7,"2":7,"3":16,"4":16,"5":1,"6":15,"7":15,"8":15,"9":6,"10":6,"11":6,"12":2,"13":4,"14":4,"15":4,"16":7,"17":7,"18":3,"19":4,"20":4,"21":5,"22":3,"23":2,"24":0,"25":2,"26":2,"27":4,"28":5,"29":5,"30":5,"31":2,"32":3,"33":3,"34":3,"35":6,"36":5,"37":5,"38":5,"39":5,"40":5,"41":2,"42":3,"43":4,"44":4,"45":4,"46":2,"47":7},"f":{"0":16,"1":6,"2":7,"3":5,"4":5,"5":6,"6":4},"b":{"0":[1,15],"1":[1],"2":[2,4],"3":[3,4],"4":[3,2],"5":[0,2],"6":[2,0],"7":[2,3],"8":[2,3],"9":[2,2]},"_coverageSchema":"1a1c01bbd47fc00a2c39e90264f33305004495a9","hash":"9df3659bfe745c15aedd76f5ef8a3159d697a5f1"}
,"/Users/jamnbriones/rithm/exercises/express-jobly/models/job.js": {"path":"/Users/jamnbriones/rithm/exercises/express-jobly/models/job.js","statementMap":{"0":{"start":{"line":3,"column":11},"end":{"line":3,"column":27}},"1":{"start":{"line":4,"column":43},"end":{"line":4,"column":69}},"2":{"start":{"line":5,"column":32},"end":{"line":5,"column":57}},"3":{"start":{"line":21,"column":25},"end":{"line":24,"column":40}},"4":{"start":{"line":27,"column":20},"end":{"line":27,"column":40}},"5":{"start":{"line":29,"column":4},"end":{"line":29,"column":77}},"6":{"start":{"line":29,"column":18},"end":{"line":29,"column":77}},"7":{"start":{"line":31,"column":19},"end":{"line":38,"column":45}},"8":{"start":{"line":40,"column":19},"end":{"line":40,"column":33}},"9":{"start":{"line":42,"column":4},"end":{"line":42,"column":18}},"10":{"start":{"line":57,"column":32},"end":{"line":57,"column":56}},"11":{"start":{"line":59,"column":20},"end":{"line":67,"column":18}},"12":{"start":{"line":69,"column":4},"end":{"line":69,"column":24}},"13":{"start":{"line":80,"column":17},"end":{"line":80,"column":34}},"14":{"start":{"line":82,"column":4},"end":{"line":84,"column":5}},"15":{"start":{"line":83,"column":6},"end":{"line":83,"column":41}},"16":{"start":{"line":87,"column":22},"end":{"line":87,"column":30}},"17":{"start":{"line":89,"column":20},"end":{"line":99,"column":6}},"18":{"start":{"line":90,"column":6},"end":{"line":90,"column":68}},"19":{"start":{"line":90,"column":35},"end":{"line":90,"column":68}},"20":{"start":{"line":91,"column":6},"end":{"line":97,"column":7}},"21":{"start":{"line":92,"column":8},"end":{"line":96,"column":9}},"22":{"start":{"line":93,"column":10},"end":{"line":93,"column":43}},"23":{"start":{"line":95,"column":10},"end":{"line":95,"column":43}},"24":{"start":{"line":98,"column":6},"end":{"line":98,"column":80}},"25":{"start":{"line":98,"column":35},"end":{"line":98,"column":80}},"26":{"start":{"line":101,"column":4},"end":{"line":103,"column":5}},"27":{"start":{"line":102,"column":6},"end":{"line":102,"column":25}},"28":{"start":{"line":105,"column":4},"end":{"line":108,"column":6}},"29":{"start":{"line":121,"column":19},"end":{"line":128,"column":28}},"30":{"start":{"line":130,"column":16},"end":{"line":130,"column":30}},"31":{"start":{"line":132,"column":4},"end":{"line":132,"column":55}},"32":{"start":{"line":132,"column":14},"end":{"line":132,"column":55}},"33":{"start":{"line":134,"column":4},"end":{"line":134,"column":15}},"34":{"start":{"line":148,"column":23},"end":{"line":155,"column":40}},"35":{"start":{"line":157,"column":20},"end":{"line":157,"column":38}},"36":{"start":{"line":159,"column":4},"end":{"line":159,"column":74}},"37":{"start":{"line":159,"column":18},"end":{"line":159,"column":74}},"38":{"start":{"line":161,"column":19},"end":{"line":168,"column":51}},"39":{"start":{"line":170,"column":17},"end":{"line":170,"column":28}},"40":{"start":{"line":172,"column":4},"end":{"line":172,"column":68}},"41":{"start":{"line":172,"column":15},"end":{"line":172,"column":68}},"42":{"start":{"line":174,"column":4},"end":{"line":174,"column":16}},"43":{"start":{"line":191,"column":32},"end":{"line":195,"column":8}},"44":{"start":{"line":197,"column":21},"end":{"line":197,"column":46}},"45":{"start":{"line":199,"column":21},"end":{"line":208,"column":15}},"46":{"start":{"line":210,"column":19},"end":{"line":210,"column":60}},"47":{"start":{"line":211,"column":16},"end":{"line":211,"column":30}},"48":{"start":{"line":214,"column":4},"end":{"line":214,"column":55}},"49":{"start":{"line":214,"column":14},"end":{"line":214,"column":55}},"50":{"start":{"line":216,"column":4},"end":{"line":216,"column":15}},"51":{"start":{"line":226,"column":19},"end":{"line":230,"column":28}},"52":{"start":{"line":231,"column":16},"end":{"line":231,"column":30}},"53":{"start":{"line":233,"column":4},"end":{"line":233,"column":55}},"54":{"start":{"line":233,"column":14},"end":{"line":233,"column":55}},"55":{"start":{"line":238,"column":0},"end":{"line":238,"column":21}}},"fnMap":{"0":{"name":"(anonymous_0)","decl":{"start":{"line":20,"column":2},"end":{"line":20,"column":3}},"loc":{"start":{"line":20,"column":64},"end":{"line":44,"column":3}},"line":20},"1":{"name":"(anonymous_1)","decl":{"start":{"line":56,"column":2},"end":{"line":56,"column":3}},"loc":{"start":{"line":56,"column":36},"end":{"line":70,"column":3}},"line":56},"2":{"name":"(anonymous_2)","decl":{"start":{"line":79,"column":2},"end":{"line":79,"column":3}},"loc":{"start":{"line":79,"column":27},"end":{"line":109,"column":3}},"line":79},"3":{"name":"(anonymous_3)","decl":{"start":{"line":89,"column":29},"end":{"line":89,"column":30}},"loc":{"start":{"line":89,"column":47},"end":{"line":99,"column":5}},"line":89},"4":{"name":"(anonymous_4)","decl":{"start":{"line":119,"column":2},"end":{"line":119,"column":3}},"loc":{"start":{"line":119,"column":23},"end":{"line":136,"column":3}},"line":119},"5":{"name":"(anonymous_5)","decl":{"start":{"line":145,"column":2},"end":{"line":145,"column":3}},"loc":{"start":{"line":145,"column":52},"end":{"line":176,"column":3}},"line":145},"6":{"name":"(anonymous_6)","decl":{"start":{"line":190,"column":2},"end":{"line":190,"column":3}},"loc":{"start":{"line":190,"column":32},"end":{"line":217,"column":3}},"line":190},"7":{"name":"(anonymous_7)","decl":{"start":{"line":225,"column":2},"end":{"line":225,"column":3}},"loc":{"start":{"line":225,"column":26},"end":{"line":234,"column":3}},"line":225}},"branchMap":{"0":{"loc":{"start":{"line":29,"column":4},"end":{"line":29,"column":77}},"type":"if","locations":[{"start":{"line":29,"column":4},"end":{"line":29,"column":77}},{"start":{},"end":{}}],"line":29},"1":{"loc":{"start":{"line":56,"column":23},"end":{"line":56,"column":34}},"type":"default-arg","locations":[{"start":{"line":56,"column":32},"end":{"line":56,"column":34}}],"line":56},"2":{"loc":{"start":{"line":82,"column":4},"end":{"line":84,"column":5}},"type":"if","locations":[{"start":{"line":82,"column":4},"end":{"line":84,"column":5}},{"start":{},"end":{}}],"line":82},"3":{"loc":{"start":{"line":90,"column":6},"end":{"line":90,"column":68}},"type":"if","locations":[{"start":{"line":90,"column":6},"end":{"line":90,"column":68}},{"start":{},"end":{}}],"line":90},"4":{"loc":{"start":{"line":91,"column":6},"end":{"line":97,"column":7}},"type":"if","locations":[{"start":{"line":91,"column":6},"end":{"line":97,"column":7}},{"start":{},"end":{}}],"line":91},"5":{"loc":{"start":{"line":92,"column":8},"end":{"line":96,"column":9}},"type":"if","locations":[{"start":{"line":92,"column":8},"end":{"line":96,"column":9}},{"start":{"line":94,"column":15},"end":{"line":96,"column":9}}],"line":92},"6":{"loc":{"start":{"line":98,"column":6},"end":{"line":98,"column":80}},"type":"if","locations":[{"start":{"line":98,"column":6},"end":{"line":98,"column":80}},{"start":{},"end":{}}],"line":98},"7":{"loc":{"start":{"line":101,"column":4},"end":{"line":103,"column":5}},"type":"if","locations":[{"start":{"line":101,"column":4},"end":{"line":103,"column":5}},{"start":{},"end":{}}],"line":101},"8":{"loc":{"start":{"line":132,"column":4},"end":{"line":132,"column":55}},"type":"if","locations":[{"start":{"line":132,"column":4},"end":{"line":132,"column":55}},{"start":{},"end":{}}],"line":132},"9":{"loc":{"start":{"line":159,"column":4},"end":{"line":159,"column":74}},"type":"if","locations":[{"start":{"line":159,"column":4},"end":{"line":159,"column":74}},{"start":{},"end":{}}],"line":159},"10":{"loc":{"start":{"line":172,"column":4},"end":{"line":172,"column":68}},"type":"if","locations":[{"start":{"line":172,"column":4},"end":{"line":172,"column":68}},{"start":{},"end":{}}],"line":172},"11":{"loc":{"start":{"line":214,"column":4},"end":{"line":214,"column":55}},"type":"if","locations":[{"start":{"line":214,"column":4},"end":{"line":214,"column":55}},{"start":{},"end":{}}],"line":214},"12":{"loc":{"start":{"line":233,"column":4},"end":{"line":233,"column":55}},"type":"if","locations":[{"start":{"line":233,"column":4},"end":{"line":233,"column":55}},{"start":{},"end":{}}],"line":233}},"s":{"0":6,"1":6,"2":6,"3":21,"4":21,"5":21,"6":1,"7":20,"8":20,"9":20,"10":8,"11":8,"12":8,"13":11,"14":11,"15":3,"16":8,"17":8,"18":10,"19":4,"20":6,"21":3,"22":2,"23":1,"24":3,"25":3,"26":8,"27":3,"28":8,"29":4,"30":4,"31":4,"32":2,"33":2,"34":4,"35":4,"36":4,"37":2,"38":2,"39":2,"40":2,"41":0,"42":2,"43":5,"44":5,"45":5,"46":5,"47":4,"48":4,"49":2,"50":2,"51":4,"52":4,"53":4,"54":1,"55":6},"f":{"0":21,"1":8,"2":11,"3":10,"4":4,"5":4,"6":5,"7":4},"b":{"0":[1,20],"1":[1],"2":[3,8],"3":[4,6],"4":[3,3],"5":[2,1],"6":[3,0],"7":[3,5],"8":[2,2],"9":[2,2],"10":[0,2],"11":[2,2],"12":[1,3]},"_coverageSchema":"1a1c01bbd47fc00a2c39e90264f33305004495a9","hash":"c3e9b8e90b81a782f75da266360c85d501ef524b"}
,"/Users/jamnbriones/rithm/exercises/express-jobly/models/user.js": {"path":"/Users/jamnbriones/rithm/exercises/express-jobly/models/user.js","statementMap":{"0":{"start":{"line":3,"column":11},"end":{"line":3,"column":27}},"1":{"start":{"line":4,"column":15},"end":{"line":4,"column":32}},"2":{"start":{"line":5,"column":32},"end":{"line":5,"column":57}},"3":{"start":{"line":10,"column":4},"end":{"line":10,"column":30}},"4":{"start":{"line":12,"column":31},"end":{"line":12,"column":54}},"5":{"start":{"line":26,"column":19},"end":{"line":35,"column":5}},"6":{"start":{"line":37,"column":17},"end":{"line":37,"column":31}},"7":{"start":{"line":39,"column":4},"end":{"line":46,"column":5}},"8":{"start":{"line":41,"column":22},"end":{"line":41,"column":67}},"9":{"start":{"line":42,"column":6},"end":{"line":45,"column":7}},"10":{"start":{"line":43,"column":8},"end":{"line":43,"column":29}},"11":{"start":{"line":44,"column":8},"end":{"line":44,"column":20}},"12":{"start":{"line":48,"column":4},"end":{"line":48,"column":61}},"13":{"start":{"line":60,"column":27},"end":{"line":64,"column":5}},"14":{"start":{"line":66,"column":4},"end":{"line":68,"column":5}},"15":{"start":{"line":67,"column":6},"end":{"line":67,"column":67}},"16":{"start":{"line":70,"column":27},"end":{"line":70,"column":74}},"17":{"start":{"line":72,"column":19},"end":{"line":94,"column":5}},"18":{"start":{"line":96,"column":17},"end":{"line":96,"column":31}},"19":{"start":{"line":98,"column":4},"end":{"line":98,"column":16}},"20":{"start":{"line":107,"column":19},"end":{"line":115,"column":5}},"21":{"start":{"line":117,"column":4},"end":{"line":117,"column":23}},"22":{"start":{"line":129,"column":20},"end":{"line":137,"column":5}},"23":{"start":{"line":139,"column":17},"end":{"line":139,"column":32}},"24":{"start":{"line":141,"column":4},"end":{"line":141,"column":63}},"25":{"start":{"line":141,"column":15},"end":{"line":141,"column":63}},"26":{"start":{"line":143,"column":19},"end":{"line":146,"column":43}},"27":{"start":{"line":149,"column":4},"end":{"line":149,"column":51}},"28":{"start":{"line":149,"column":39},"end":{"line":149,"column":49}},"29":{"start":{"line":151,"column":4},"end":{"line":151,"column":16}},"30":{"start":{"line":172,"column":4},"end":{"line":174,"column":5}},"31":{"start":{"line":173,"column":6},"end":{"line":173,"column":75}},"32":{"start":{"line":176,"column":32},"end":{"line":182,"column":8}},"33":{"start":{"line":183,"column":27},"end":{"line":183,"column":52}},"34":{"start":{"line":185,"column":21},"end":{"line":193,"column":34}},"35":{"start":{"line":194,"column":19},"end":{"line":194,"column":66}},"36":{"start":{"line":195,"column":17},"end":{"line":195,"column":31}},"37":{"start":{"line":197,"column":4},"end":{"line":197,"column":63}},"38":{"start":{"line":197,"column":15},"end":{"line":197,"column":63}},"39":{"start":{"line":199,"column":4},"end":{"line":199,"column":25}},"40":{"start":{"line":200,"column":4},"end":{"line":200,"column":16}},"41":{"start":{"line":206,"column":17},"end":{"line":211,"column":5}},"42":{"start":{"line":212,"column":17},"end":{"line":212,"column":31}},"43":{"start":{"line":214,"column":4},"end":{"line":214,"column":63}},"44":{"start":{"line":214,"column":15},"end":{"line":214,"column":63}},"45":{"start":{"line":225,"column":17},"end":{"line":229,"column":16}},"46":{"start":{"line":231,"column":4},"end":{"line":231,"column":71}},"47":{"start":{"line":231,"column":23},"end":{"line":231,"column":71}},"48":{"start":{"line":233,"column":16},"end":{"line":237,"column":13}},"49":{"start":{"line":239,"column":4},"end":{"line":239,"column":66}},"50":{"start":{"line":239,"column":22},"end":{"line":239,"column":66}},"51":{"start":{"line":241,"column":19},"end":{"line":246,"column":24}},"52":{"start":{"line":248,"column":4},"end":{"line":248,"column":26}},"53":{"start":{"line":254,"column":0},"end":{"line":254,"column":22}}},"fnMap":{"0":{"name":"(anonymous_0)","decl":{"start":{"line":24,"column":2},"end":{"line":24,"column":3}},"loc":{"start":{"line":24,"column":48},"end":{"line":49,"column":3}},"line":24},"1":{"name":"(anonymous_1)","decl":{"start":{"line":58,"column":2},"end":{"line":58,"column":3}},"loc":{"start":{"line":59,"column":65},"end":{"line":99,"column":3}},"line":59},"2":{"name":"(anonymous_2)","decl":{"start":{"line":106,"column":2},"end":{"line":106,"column":3}},"loc":{"start":{"line":106,"column":25},"end":{"line":118,"column":3}},"line":106},"3":{"name":"(anonymous_3)","decl":{"start":{"line":128,"column":2},"end":{"line":128,"column":3}},"loc":{"start":{"line":128,"column":29},"end":{"line":152,"column":3}},"line":128},"4":{"name":"(anonymous_4)","decl":{"start":{"line":149,"column":32},"end":{"line":149,"column":33}},"loc":{"start":{"line":149,"column":39},"end":{"line":149,"column":49}},"line":149},"5":{"name":"(anonymous_5)","decl":{"start":{"line":171,"column":2},"end":{"line":171,"column":3}},"loc":{"start":{"line":171,"column":38},"end":{"line":201,"column":3}},"line":171},"6":{"name":"(anonymous_6)","decl":{"start":{"line":205,"column":2},"end":{"line":205,"column":3}},"loc":{"start":{"line":205,"column":32},"end":{"line":215,"column":3}},"line":205},"7":{"name":"(anonymous_7)","decl":{"start":{"line":224,"column":2},"end":{"line":224,"column":3}},"loc":{"start":{"line":224,"column":43},"end":{"line":249,"column":3}},"line":224}},"branchMap":{"0":{"loc":{"start":{"line":39,"column":4},"end":{"line":46,"column":5}},"type":"if","locations":[{"start":{"line":39,"column":4},"end":{"line":46,"column":5}},{"start":{},"end":{}}],"line":39},"1":{"loc":{"start":{"line":42,"column":6},"end":{"line":45,"column":7}},"type":"if","locations":[{"start":{"line":42,"column":6},"end":{"line":45,"column":7}},{"start":{},"end":{}}],"line":42},"2":{"loc":{"start":{"line":66,"column":4},"end":{"line":68,"column":5}},"type":"if","locations":[{"start":{"line":66,"column":4},"end":{"line":68,"column":5}},{"start":{},"end":{}}],"line":66},"3":{"loc":{"start":{"line":141,"column":4},"end":{"line":141,"column":63}},"type":"if","locations":[{"start":{"line":141,"column":4},"end":{"line":141,"column":63}},{"start":{},"end":{}}],"line":141},"4":{"loc":{"start":{"line":172,"column":4},"end":{"line":174,"column":5}},"type":"if","locations":[{"start":{"line":172,"column":4},"end":{"line":174,"column":5}},{"start":{},"end":{}}],"line":172},"5":{"loc":{"start":{"line":197,"column":4},"end":{"line":197,"column":63}},"type":"if","locations":[{"start":{"line":197,"column":4},"end":{"line":197,"column":63}},{"start":{},"end":{}}],"line":197},"6":{"loc":{"start":{"line":214,"column":4},"end":{"line":214,"column":63}},"type":"if","locations":[{"start":{"line":214,"column":4},"end":{"line":214,"column":63}},{"start":{},"end":{}}],"line":214},"7":{"loc":{"start":{"line":231,"column":4},"end":{"line":231,"column":71}},"type":"if","locations":[{"start":{"line":231,"column":4},"end":{"line":231,"column":71}},{"start":{},"end":{}}],"line":231},"8":{"loc":{"start":{"line":239,"column":4},"end":{"line":239,"column":66}},"type":"if","locations":[{"start":{"line":239,"column":4},"end":{"line":239,"column":66}},{"start":{},"end":{}}],"line":239}},"s":{"0":6,"1":6,"2":6,"3":6,"4":6,"5":7,"6":7,"7":7,"8":4,"9":4,"10":3,"11":3,"12":4,"13":23,"14":23,"15":1,"16":22,"17":22,"18":22,"19":22,"20":2,"21":2,"22":5,"23":5,"24":5,"25":2,"26":3,"27":3,"28":0,"29":3,"30":8,"31":2,"32":8,"33":7,"34":7,"35":7,"36":7,"37":7,"38":2,"39":5,"40":5,"41":5,"42":5,"43":5,"44":2,"45":6,"46":6,"47":2,"48":4,"49":3,"50":0,"51":3,"52":3,"53":6},"f":{"0":7,"1":23,"2":2,"3":5,"4":0,"5":8,"6":5,"7":6},"b":{"0":[4,3],"1":[3,1],"2":[1,22],"3":[2,3],"4":[2,6],"5":[2,5],"6":[2,3],"7":[2,4],"8":[0,3]},"_coverageSchema":"1a1c01bbd47fc00a2c39e90264f33305004495a9","hash":"4786de6d84491074972b569c921bef57db777ff2"}
,"/Users/jamnbriones/rithm/exercises/express-jobly/routes/_testCommon.js": {"path":"/Users/jamnbriones/rithm/exercises/express-jobly/routes/_testCommon.js","statementMap":{"0":{"start":{"line":3,"column":11},"end":{"line":3,"column":30}},"1":{"start":{"line":4,"column":13},"end":{"line":4,"column":38}},"2":{"start":{"line":5,"column":16},"end":{"line":5,"column":44}},"3":{"start":{"line":6,"column":12},"end":{"line":6,"column":36}},"4":{"start":{"line":7,"column":24},"end":{"line":7,"column":52}},"5":{"start":{"line":8,"column":19},"end":{"line":8,"column":21}},"6":{"start":{"line":12,"column":2},"end":{"line":12,"column":38}},"7":{"start":{"line":14,"column":2},"end":{"line":14,"column":42}},"8":{"start":{"line":16,"column":2},"end":{"line":23,"column":9}},"9":{"start":{"line":24,"column":2},"end":{"line":31,"column":9}},"10":{"start":{"line":32,"column":2},"end":{"line":39,"column":9}},"11":{"start":{"line":41,"column":2},"end":{"line":48,"column":5}},"12":{"start":{"line":49,"column":2},"end":{"line":56,"column":5}},"13":{"start":{"line":57,"column":2},"end":{"line":64,"column":5}},"14":{"start":{"line":65,"column":2},"end":{"line":72,"column":5}},"15":{"start":{"line":74,"column":14},"end":{"line":79,"column":4}},"16":{"start":{"line":81,"column":2},"end":{"line":81,"column":26}},"17":{"start":{"line":83,"column":2},"end":{"line":88,"column":5}},"18":{"start":{"line":89,"column":2},"end":{"line":94,"column":5}},"19":{"start":{"line":95,"column":2},"end":{"line":100,"column":5}},"20":{"start":{"line":104,"column":2},"end":{"line":104,"column":26}},"21":{"start":{"line":108,"column":2},"end":{"line":108,"column":29}},"22":{"start":{"line":112,"column":2},"end":{"line":112,"column":17}},"23":{"start":{"line":116,"column":16},"end":{"line":116,"column":63}},"24":{"start":{"line":117,"column":16},"end":{"line":117,"column":63}},"25":{"start":{"line":118,"column":19},"end":{"line":118,"column":65}},"26":{"start":{"line":121,"column":0},"end":{"line":130,"column":2}}},"fnMap":{"0":{"name":"commonBeforeAll","decl":{"start":{"line":10,"column":15},"end":{"line":10,"column":30}},"loc":{"start":{"line":10,"column":33},"end":{"line":101,"column":1}},"line":10},"1":{"name":"commonBeforeEach","decl":{"start":{"line":103,"column":15},"end":{"line":103,"column":31}},"loc":{"start":{"line":103,"column":34},"end":{"line":105,"column":1}},"line":103},"2":{"name":"commonAfterEach","decl":{"start":{"line":107,"column":15},"end":{"line":107,"column":30}},"loc":{"start":{"line":107,"column":33},"end":{"line":109,"column":1}},"line":107},"3":{"name":"commonAfterAll","decl":{"start":{"line":111,"column":15},"end":{"line":111,"column":29}},"loc":{"start":{"line":111,"column":32},"end":{"line":113,"column":1}},"line":111}},"branchMap":{},"s":{"0":4,"1":4,"2":4,"3":4,"4":4,"5":4,"6":4,"7":4,"8":4,"9":4,"10":4,"11":4,"12":4,"13":4,"14":4,"15":4,"16":4,"17":4,"18":4,"19":4,"20":83,"21":83,"22":4,"23":4,"24":4,"25":4,"26":4},"f":{"0":4,"1":83,"2":83,"3":4},"b":{},"_coverageSchema":"1a1c01bbd47fc00a2c39e90264f33305004495a9","hash":"ea506b8079d9c7f0b54e3aa01843c42559881c48"}
,"/Users/jamnbriones/rithm/exercises/express-jobly/routes/auth.js": {"path":"/Users/jamnbriones/rithm/exercises/express-jobly/routes/auth.js","statementMap":{"0":{"start":{"line":5,"column":19},"end":{"line":5,"column":40}},"1":{"start":{"line":7,"column":13},"end":{"line":7,"column":38}},"2":{"start":{"line":8,"column":16},"end":{"line":8,"column":34}},"3":{"start":{"line":9,"column":15},"end":{"line":9,"column":35}},"4":{"start":{"line":10,"column":24},"end":{"line":10,"column":52}},"5":{"start":{"line":11,"column":23},"end":{"line":11,"column":58}},"6":{"start":{"line":12,"column":27},"end":{"line":12,"column":66}},"7":{"start":{"line":13,"column":28},"end":{"line":13,"column":54}},"8":{"start":{"line":22,"column":0},"end":{"line":37,"column":3}},"9":{"start":{"line":23,"column":20},"end":{"line":27,"column":3}},"10":{"start":{"line":28,"column":2},"end":{"line":31,"column":3}},"11":{"start":{"line":29,"column":17},"end":{"line":29,"column":51}},"12":{"start":{"line":29,"column":43},"end":{"line":29,"column":50}},"13":{"start":{"line":30,"column":4},"end":{"line":30,"column":36}},"14":{"start":{"line":33,"column":33},"end":{"line":33,"column":41}},"15":{"start":{"line":34,"column":15},"end":{"line":34,"column":58}},"16":{"start":{"line":35,"column":16},"end":{"line":35,"column":33}},"17":{"start":{"line":36,"column":2},"end":{"line":36,"column":29}},"18":{"start":{"line":49,"column":0},"end":{"line":63,"column":3}},"19":{"start":{"line":50,"column":20},"end":{"line":54,"column":3}},"20":{"start":{"line":55,"column":2},"end":{"line":58,"column":3}},"21":{"start":{"line":56,"column":17},"end":{"line":56,"column":51}},"22":{"start":{"line":56,"column":43},"end":{"line":56,"column":50}},"23":{"start":{"line":57,"column":4},"end":{"line":57,"column":36}},"24":{"start":{"line":60,"column":18},"end":{"line":60,"column":70}},"25":{"start":{"line":61,"column":16},"end":{"line":61,"column":36}},"26":{"start":{"line":62,"column":2},"end":{"line":62,"column":41}},"27":{"start":{"line":66,"column":0},"end":{"line":66,"column":24}}},"fnMap":{"0":{"name":"(anonymous_0)","decl":{"start":{"line":22,"column":22},"end":{"line":22,"column":23}},"loc":{"start":{"line":22,"column":54},"end":{"line":37,"column":1}},"line":22},"1":{"name":"(anonymous_1)","decl":{"start":{"line":29,"column":38},"end":{"line":29,"column":39}},"loc":{"start":{"line":29,"column":43},"end":{"line":29,"column":50}},"line":29},"2":{"name":"(anonymous_2)","decl":{"start":{"line":49,"column":25},"end":{"line":49,"column":26}},"loc":{"start":{"line":49,"column":57},"end":{"line":63,"column":1}},"line":49},"3":{"name":"(anonymous_3)","decl":{"start":{"line":56,"column":38},"end":{"line":56,"column":39}},"loc":{"start":{"line":56,"column":43},"end":{"line":56,"column":50}},"line":56}},"branchMap":{"0":{"loc":{"start":{"line":28,"column":2},"end":{"line":31,"column":3}},"type":"if","locations":[{"start":{"line":28,"column":2},"end":{"line":31,"column":3}},{"start":{},"end":{}}],"line":28},"1":{"loc":{"start":{"line":55,"column":2},"end":{"line":58,"column":3}},"type":"if","locations":[{"start":{"line":55,"column":2},"end":{"line":58,"column":3}},{"start":{},"end":{}}],"line":55}},"s":{"0":5,"1":5,"2":5,"3":5,"4":5,"5":5,"6":5,"7":5,"8":5,"9":5,"10":5,"11":2,"12":2,"13":2,"14":3,"15":3,"16":1,"17":1,"18":5,"19":3,"20":3,"21":2,"22":5,"23":2,"24":1,"25":1,"26":1,"27":5},"f":{"0":5,"1":2,"2":3,"3":5},"b":{"0":[2,3],"1":[2,1]},"_coverageSchema":"1a1c01bbd47fc00a2c39e90264f33305004495a9","hash":"2d2e6b66fc2ff05ff53b3f896663303ab4499183"}
,"/Users/jamnbriones/rithm/exercises/express-jobly/routes/companies.js": {"path":"/Users/jamnbriones/rithm/exercises/express-jobly/routes/companies.js","statementMap":{"0":{"start":{"line":5,"column":19},"end":{"line":5,"column":40}},"1":{"start":{"line":6,"column":16},"end":{"line":6,"column":34}},"2":{"start":{"line":8,"column":28},"end":{"line":8,"column":54}},"3":{"start":{"line":9,"column":42},"end":{"line":9,"column":71}},"4":{"start":{"line":10,"column":16},"end":{"line":10,"column":44}},"5":{"start":{"line":12,"column":25},"end":{"line":12,"column":62}},"6":{"start":{"line":13,"column":28},"end":{"line":13,"column":68}},"7":{"start":{"line":14,"column":27},"end":{"line":14,"column":66}},"8":{"start":{"line":16,"column":15},"end":{"line":16,"column":35}},"9":{"start":{"line":27,"column":0},"end":{"line":40,"column":3}},"10":{"start":{"line":28,"column":20},"end":{"line":32,"column":3}},"11":{"start":{"line":33,"column":2},"end":{"line":36,"column":3}},"12":{"start":{"line":34,"column":17},"end":{"line":34,"column":51}},"13":{"start":{"line":34,"column":43},"end":{"line":34,"column":50}},"14":{"start":{"line":35,"column":4},"end":{"line":35,"column":36}},"15":{"start":{"line":38,"column":18},"end":{"line":38,"column":48}},"16":{"start":{"line":39,"column":2},"end":{"line":39,"column":43}},"17":{"start":{"line":53,"column":0},"end":{"line":75,"column":3}},"18":{"start":{"line":54,"column":16},"end":{"line":54,"column":25}},"19":{"start":{"line":55,"column":2},"end":{"line":57,"column":3}},"20":{"start":{"line":56,"column":4},"end":{"line":56,"column":52}},"21":{"start":{"line":58,"column":2},"end":{"line":60,"column":3}},"22":{"start":{"line":59,"column":4},"end":{"line":59,"column":51}},"23":{"start":{"line":62,"column":20},"end":{"line":66,"column":3}},"24":{"start":{"line":68,"column":2},"end":{"line":71,"column":3}},"25":{"start":{"line":69,"column":17},"end":{"line":69,"column":51}},"26":{"start":{"line":69,"column":43},"end":{"line":69,"column":50}},"27":{"start":{"line":70,"column":4},"end":{"line":70,"column":36}},"28":{"start":{"line":73,"column":20},"end":{"line":73,"column":52}},"29":{"start":{"line":74,"column":2},"end":{"line":74,"column":33}},"30":{"start":{"line":85,"column":0},"end":{"line":88,"column":3}},"31":{"start":{"line":86,"column":18},"end":{"line":86,"column":54}},"32":{"start":{"line":87,"column":2},"end":{"line":87,"column":31}},"33":{"start":{"line":101,"column":0},"end":{"line":114,"column":3}},"34":{"start":{"line":102,"column":20},"end":{"line":106,"column":3}},"35":{"start":{"line":107,"column":2},"end":{"line":110,"column":3}},"36":{"start":{"line":108,"column":17},"end":{"line":108,"column":51}},"37":{"start":{"line":108,"column":43},"end":{"line":108,"column":50}},"38":{"start":{"line":109,"column":4},"end":{"line":109,"column":36}},"39":{"start":{"line":112,"column":18},"end":{"line":112,"column":67}},"40":{"start":{"line":113,"column":2},"end":{"line":113,"column":31}},"41":{"start":{"line":122,"column":0},"end":{"line":125,"column":3}},"42":{"start":{"line":123,"column":2},"end":{"line":123,"column":42}},"43":{"start":{"line":124,"column":2},"end":{"line":124,"column":50}},"44":{"start":{"line":128,"column":0},"end":{"line":128,"column":24}}},"fnMap":{"0":{"name":"(anonymous_0)","decl":{"start":{"line":27,"column":32},"end":{"line":27,"column":33}},"loc":{"start":{"line":27,"column":64},"end":{"line":40,"column":1}},"line":27},"1":{"name":"(anonymous_1)","decl":{"start":{"line":34,"column":38},"end":{"line":34,"column":39}},"loc":{"start":{"line":34,"column":43},"end":{"line":34,"column":50}},"line":34},"2":{"name":"(anonymous_2)","decl":{"start":{"line":53,"column":16},"end":{"line":53,"column":17}},"loc":{"start":{"line":53,"column":48},"end":{"line":75,"column":1}},"line":53},"3":{"name":"(anonymous_3)","decl":{"start":{"line":69,"column":38},"end":{"line":69,"column":39}},"loc":{"start":{"line":69,"column":43},"end":{"line":69,"column":50}},"line":69},"4":{"name":"(anonymous_4)","decl":{"start":{"line":85,"column":23},"end":{"line":85,"column":24}},"loc":{"start":{"line":85,"column":55},"end":{"line":88,"column":1}},"line":85},"5":{"name":"(anonymous_5)","decl":{"start":{"line":101,"column":39},"end":{"line":101,"column":40}},"loc":{"start":{"line":101,"column":71},"end":{"line":114,"column":1}},"line":101},"6":{"name":"(anonymous_6)","decl":{"start":{"line":108,"column":38},"end":{"line":108,"column":39}},"loc":{"start":{"line":108,"column":43},"end":{"line":108,"column":50}},"line":108},"7":{"name":"(anonymous_7)","decl":{"start":{"line":122,"column":41},"end":{"line":122,"column":42}},"loc":{"start":{"line":122,"column":73},"end":{"line":125,"column":1}},"line":122}},"branchMap":{"0":{"loc":{"start":{"line":33,"column":2},"end":{"line":36,"column":3}},"type":"if","locations":[{"start":{"line":33,"column":2},"end":{"line":36,"column":3}},{"start":{},"end":{}}],"line":33},"1":{"loc":{"start":{"line":55,"column":2},"end":{"line":57,"column":3}},"type":"if","locations":[{"start":{"line":55,"column":2},"end":{"line":57,"column":3}},{"start":{},"end":{}}],"line":55},"2":{"loc":{"start":{"line":58,"column":2},"end":{"line":60,"column":3}},"type":"if","locations":[{"start":{"line":58,"column":2},"end":{"line":60,"column":3}},{"start":{},"end":{}}],"line":58},"3":{"loc":{"start":{"line":68,"column":2},"end":{"line":71,"column":3}},"type":"if","locations":[{"start":{"line":68,"column":2},"end":{"line":71,"column":3}},{"start":{},"end":{}}],"line":68},"4":{"loc":{"start":{"line":107,"column":2},"end":{"line":110,"column":3}},"type":"if","locations":[{"start":{"line":107,"column":2},"end":{"line":110,"column":3}},{"start":{},"end":{}}],"line":107}},"s":{"0":5,"1":5,"2":5,"3":5,"4":5,"5":5,"6":5,"7":5,"8":5,"9":5,"10":3,"11":3,"12":2,"13":3,"14":2,"15":1,"16":1,"17":5,"18":4,"19":4,"20":2,"21":4,"22":1,"23":4,"24":4,"25":1,"26":1,"27":1,"28":3,"29":2,"30":5,"31":3,"32":2,"33":5,"34":4,"35":4,"36":2,"37":2,"38":2,"39":2,"40":1,"41":5,"42":2,"43":1,"44":5},"f":{"0":3,"1":3,"2":4,"3":1,"4":3,"5":4,"6":2,"7":2},"b":{"0":[2,1],"1":[2,2],"2":[1,3],"3":[1,3],"4":[2,2]},"_coverageSchema":"1a1c01bbd47fc00a2c39e90264f33305004495a9","hash":"bdbf8c06ec421dd8111cc9d6994210a3b949e1a9"}
,"/Users/jamnbriones/rithm/exercises/express-jobly/routes/jobs.js": {"path":"/Users/jamnbriones/rithm/exercises/express-jobly/routes/jobs.js","statementMap":{"0":{"start":{"line":5,"column":19},"end":{"line":5,"column":40}},"1":{"start":{"line":6,"column":16},"end":{"line":6,"column":34}},"2":{"start":{"line":8,"column":28},"end":{"line":8,"column":54}},"3":{"start":{"line":9,"column":42},"end":{"line":9,"column":71}},"4":{"start":{"line":10,"column":16},"end":{"line":10,"column":44}},"5":{"start":{"line":11,"column":12},"end":{"line":11,"column":36}},"6":{"start":{"line":13,"column":21},"end":{"line":13,"column":54}},"7":{"start":{"line":14,"column":24},"end":{"line":14,"column":60}},"8":{"start":{"line":15,"column":21},"end":{"line":15,"column":54}},"9":{"start":{"line":17,"column":15},"end":{"line":17,"column":35}},"10":{"start":{"line":31,"column":0},"end":{"line":46,"column":3}},"11":{"start":{"line":32,"column":20},"end":{"line":36,"column":3}},"12":{"start":{"line":38,"column":2},"end":{"line":41,"column":3}},"13":{"start":{"line":39,"column":17},"end":{"line":39,"column":51}},"14":{"start":{"line":39,"column":43},"end":{"line":39,"column":50}},"15":{"start":{"line":40,"column":4},"end":{"line":40,"column":36}},"16":{"start":{"line":43,"column":14},"end":{"line":43,"column":40}},"17":{"start":{"line":45,"column":2},"end":{"line":45,"column":39}},"18":{"start":{"line":60,"column":0},"end":{"line":82,"column":3}},"19":{"start":{"line":61,"column":16},"end":{"line":61,"column":25}},"20":{"start":{"line":62,"column":2},"end":{"line":64,"column":3}},"21":{"start":{"line":63,"column":4},"end":{"line":63,"column":46}},"22":{"start":{"line":65,"column":2},"end":{"line":67,"column":3}},"23":{"start":{"line":66,"column":4},"end":{"line":66,"column":49}},"24":{"start":{"line":69,"column":20},"end":{"line":73,"column":3}},"25":{"start":{"line":75,"column":2},"end":{"line":78,"column":3}},"26":{"start":{"line":76,"column":17},"end":{"line":76,"column":51}},"27":{"start":{"line":76,"column":43},"end":{"line":76,"column":50}},"28":{"start":{"line":77,"column":4},"end":{"line":77,"column":36}},"29":{"start":{"line":80,"column":15},"end":{"line":80,"column":39}},"30":{"start":{"line":81,"column":2},"end":{"line":81,"column":28}},"31":{"start":{"line":92,"column":0},"end":{"line":95,"column":3}},"32":{"start":{"line":93,"column":14},"end":{"line":93,"column":42}},"33":{"start":{"line":94,"column":2},"end":{"line":94,"column":27}},"34":{"start":{"line":105,"column":0},"end":{"line":108,"column":3}},"35":{"start":{"line":106,"column":15},"end":{"line":106,"column":65}},"36":{"start":{"line":107,"column":2},"end":{"line":107,"column":28}},"37":{"start":{"line":121,"column":0},"end":{"line":136,"column":3}},"38":{"start":{"line":122,"column":20},"end":{"line":126,"column":3}},"39":{"start":{"line":128,"column":2},"end":{"line":131,"column":3}},"40":{"start":{"line":129,"column":17},"end":{"line":129,"column":51}},"41":{"start":{"line":129,"column":43},"end":{"line":129,"column":50}},"42":{"start":{"line":130,"column":4},"end":{"line":130,"column":36}},"43":{"start":{"line":133,"column":14},"end":{"line":133,"column":55}},"44":{"start":{"line":134,"column":2},"end":{"line":134,"column":27}},"45":{"start":{"line":143,"column":0},"end":{"line":146,"column":3}},"46":{"start":{"line":144,"column":2},"end":{"line":144,"column":34}},"47":{"start":{"line":145,"column":2},"end":{"line":145,"column":46}},"48":{"start":{"line":150,"column":0},"end":{"line":150,"column":24}}},"fnMap":{"0":{"name":"(anonymous_0)","decl":{"start":{"line":31,"column":32},"end":{"line":31,"column":33}},"loc":{"start":{"line":31,"column":64},"end":{"line":46,"column":1}},"line":31},"1":{"name":"(anonymous_1)","decl":{"start":{"line":39,"column":38},"end":{"line":39,"column":39}},"loc":{"start":{"line":39,"column":43},"end":{"line":39,"column":50}},"line":39},"2":{"name":"(anonymous_2)","decl":{"start":{"line":60,"column":16},"end":{"line":60,"column":17}},"loc":{"start":{"line":60,"column":48},"end":{"line":82,"column":1}},"line":60},"3":{"name":"(anonymous_3)","decl":{"start":{"line":76,"column":38},"end":{"line":76,"column":39}},"loc":{"start":{"line":76,"column":43},"end":{"line":76,"column":50}},"line":76},"4":{"name":"(anonymous_4)","decl":{"start":{"line":92,"column":19},"end":{"line":92,"column":20}},"loc":{"start":{"line":92,"column":51},"end":{"line":95,"column":1}},"line":92},"5":{"name":"(anonymous_5)","decl":{"start":{"line":105,"column":27},"end":{"line":105,"column":28}},"loc":{"start":{"line":105,"column":59},"end":{"line":108,"column":1}},"line":105},"6":{"name":"(anonymous_6)","decl":{"start":{"line":121,"column":36},"end":{"line":121,"column":37}},"loc":{"start":{"line":121,"column":68},"end":{"line":136,"column":1}},"line":121},"7":{"name":"(anonymous_7)","decl":{"start":{"line":129,"column":38},"end":{"line":129,"column":39}},"loc":{"start":{"line":129,"column":43},"end":{"line":129,"column":50}},"line":129},"8":{"name":"(anonymous_8)","decl":{"start":{"line":143,"column":37},"end":{"line":143,"column":38}},"loc":{"start":{"line":143,"column":69},"end":{"line":146,"column":1}},"line":143}},"branchMap":{"0":{"loc":{"start":{"line":38,"column":2},"end":{"line":41,"column":3}},"type":"if","locations":[{"start":{"line":38,"column":2},"end":{"line":41,"column":3}},{"start":{},"end":{}}],"line":38},"1":{"loc":{"start":{"line":62,"column":2},"end":{"line":64,"column":3}},"type":"if","locations":[{"start":{"line":62,"column":2},"end":{"line":64,"column":3}},{"start":{},"end":{}}],"line":62},"2":{"loc":{"start":{"line":65,"column":2},"end":{"line":67,"column":3}},"type":"if","locations":[{"start":{"line":65,"column":2},"end":{"line":67,"column":3}},{"start":{},"end":{}}],"line":65},"3":{"loc":{"start":{"line":75,"column":2},"end":{"line":78,"column":3}},"type":"if","locations":[{"start":{"line":75,"column":2},"end":{"line":78,"column":3}},{"start":{},"end":{}}],"line":75},"4":{"loc":{"start":{"line":128,"column":2},"end":{"line":131,"column":3}},"type":"if","locations":[{"start":{"line":128,"column":2},"end":{"line":131,"column":3}},{"start":{},"end":{}}],"line":128}},"s":{"0":5,"1":5,"2":5,"3":5,"4":5,"5":5,"6":5,"7":5,"8":5,"9":5,"10":5,"11":3,"12":3,"13":2,"14":5,"15":2,"16":1,"17":1,"18":5,"19":4,"20":4,"21":1,"22":4,"23":1,"24":4,"25":4,"26":1,"27":1,"28":1,"29":3,"30":3,"31":5,"32":2,"33":1,"34":5,"35":2,"36":1,"37":5,"38":4,"39":4,"40":2,"41":2,"42":2,"43":2,"44":1,"45":5,"46":2,"47":1,"48":5},"f":{"0":3,"1":5,"2":4,"3":1,"4":2,"5":2,"6":4,"7":2,"8":2},"b":{"0":[2,1],"1":[1,3],"2":[1,3],"3":[1,3],"4":[2,2]},"_coverageSchema":"1a1c01bbd47fc00a2c39e90264f33305004495a9","hash":"7200f0c087ae7911e73306cbb261ea93facadd66"}
,"/Users/jamnbriones/rithm/exercises/express-jobly/routes/users.js": {"path":"/Users/jamnbriones/rithm/exercises/express-jobly/routes/users.js","statementMap":{"0":{"start":{"line":5,"column":19},"end":{"line":5,"column":40}},"1":{"start":{"line":7,"column":16},"end":{"line":7,"column":34}},"2":{"start":{"line":8,"column":63},"end":{"line":8,"column":92}},"3":{"start":{"line":9,"column":28},"end":{"line":9,"column":54}},"4":{"start":{"line":10,"column":13},"end":{"line":10,"column":38}},"5":{"start":{"line":11,"column":24},"end":{"line":11,"column":52}},"6":{"start":{"line":12,"column":22},"end":{"line":12,"column":56}},"7":{"start":{"line":13,"column":25},"end":{"line":13,"column":62}},"8":{"start":{"line":15,"column":15},"end":{"line":15,"column":31}},"9":{"start":{"line":29,"column":0},"end":{"line":43,"column":3}},"10":{"start":{"line":30,"column":20},"end":{"line":34,"column":3}},"11":{"start":{"line":35,"column":2},"end":{"line":38,"column":3}},"12":{"start":{"line":36,"column":17},"end":{"line":36,"column":51}},"13":{"start":{"line":36,"column":43},"end":{"line":36,"column":50}},"14":{"start":{"line":37,"column":4},"end":{"line":37,"column":36}},"15":{"start":{"line":40,"column":15},"end":{"line":40,"column":44}},"16":{"start":{"line":41,"column":16},"end":{"line":41,"column":33}},"17":{"start":{"line":42,"column":2},"end":{"line":42,"column":47}},"18":{"start":{"line":53,"column":0},"end":{"line":56,"column":3}},"19":{"start":{"line":54,"column":16},"end":{"line":54,"column":36}},"20":{"start":{"line":55,"column":2},"end":{"line":55,"column":29}},"21":{"start":{"line":66,"column":0},"end":{"line":69,"column":3}},"22":{"start":{"line":67,"column":15},"end":{"line":67,"column":50}},"23":{"start":{"line":68,"column":2},"end":{"line":68,"column":28}},"24":{"start":{"line":82,"column":0},"end":{"line":95,"column":3}},"25":{"start":{"line":83,"column":20},"end":{"line":87,"column":3}},"26":{"start":{"line":88,"column":2},"end":{"line":91,"column":3}},"27":{"start":{"line":89,"column":17},"end":{"line":89,"column":51}},"28":{"start":{"line":89,"column":43},"end":{"line":89,"column":50}},"29":{"start":{"line":90,"column":4},"end":{"line":90,"column":36}},"30":{"start":{"line":93,"column":15},"end":{"line":93,"column":63}},"31":{"start":{"line":94,"column":2},"end":{"line":94,"column":28}},"32":{"start":{"line":103,"column":0},"end":{"line":106,"column":3}},"33":{"start":{"line":104,"column":2},"end":{"line":104,"column":41}},"34":{"start":{"line":105,"column":2},"end":{"line":105,"column":52}},"35":{"start":{"line":115,"column":0},"end":{"line":121,"column":3}},"36":{"start":{"line":116,"column":16},"end":{"line":116,"column":40}},"37":{"start":{"line":117,"column":19},"end":{"line":117,"column":38}},"38":{"start":{"line":119,"column":14},"end":{"line":119,"column":52}},"39":{"start":{"line":120,"column":2},"end":{"line":120,"column":36}},"40":{"start":{"line":124,"column":0},"end":{"line":124,"column":24}}},"fnMap":{"0":{"name":"(anonymous_0)","decl":{"start":{"line":29,"column":32},"end":{"line":29,"column":33}},"loc":{"start":{"line":29,"column":64},"end":{"line":43,"column":1}},"line":29},"1":{"name":"(anonymous_1)","decl":{"start":{"line":36,"column":38},"end":{"line":36,"column":39}},"loc":{"start":{"line":36,"column":43},"end":{"line":36,"column":50}},"line":36},"2":{"name":"(anonymous_2)","decl":{"start":{"line":53,"column":31},"end":{"line":53,"column":32}},"loc":{"start":{"line":53,"column":63},"end":{"line":56,"column":1}},"line":53},"3":{"name":"(anonymous_3)","decl":{"start":{"line":66,"column":46},"end":{"line":66,"column":47}},"loc":{"start":{"line":66,"column":78},"end":{"line":69,"column":1}},"line":66},"4":{"name":"(anonymous_4)","decl":{"start":{"line":82,"column":48},"end":{"line":82,"column":49}},"loc":{"start":{"line":82,"column":80},"end":{"line":95,"column":1}},"line":82},"5":{"name":"(anonymous_5)","decl":{"start":{"line":89,"column":38},"end":{"line":89,"column":39}},"loc":{"start":{"line":89,"column":43},"end":{"line":89,"column":50}},"line":89},"6":{"name":"(anonymous_6)","decl":{"start":{"line":103,"column":49},"end":{"line":103,"column":50}},"loc":{"start":{"line":103,"column":81},"end":{"line":106,"column":1}},"line":103},"7":{"name":"(anonymous_7)","decl":{"start":{"line":115,"column":59},"end":{"line":115,"column":60}},"loc":{"start":{"line":115,"column":91},"end":{"line":121,"column":1}},"line":115}},"branchMap":{"0":{"loc":{"start":{"line":35,"column":2},"end":{"line":38,"column":3}},"type":"if","locations":[{"start":{"line":35,"column":2},"end":{"line":38,"column":3}},{"start":{},"end":{}}],"line":35},"1":{"loc":{"start":{"line":88,"column":2},"end":{"line":91,"column":3}},"type":"if","locations":[{"start":{"line":88,"column":2},"end":{"line":91,"column":3}},{"start":{},"end":{}}],"line":88}},"s":{"0":5,"1":5,"2":5,"3":5,"4":5,"5":5,"6":5,"7":5,"8":5,"9":5,"10":4,"11":4,"12":2,"13":5,"14":2,"15":2,"16":2,"17":2,"18":5,"19":1,"20":1,"21":5,"22":3,"23":2,"24":5,"25":5,"26":5,"27":1,"28":1,"29":1,"30":4,"31":3,"32":5,"33":3,"34":2,"35":5,"36":3,"37":3,"38":3,"39":2,"40":5},"f":{"0":4,"1":5,"2":1,"3":3,"4":5,"5":1,"6":3,"7":3},"b":{"0":[2,2],"1":[1,4]},"_coverageSchema":"1a1c01bbd47fc00a2c39e90264f33305004495a9","hash":"5a393cb3a1647c00577124bd85b1ba14feb67d1e"}
}
