TN:
SF:app.js
FN:32,(anonymous_0)
FN:37,(anonymous_1)
FNF:2
FNH:2
FNDA:2,(anonymous_0)
FNDA:56,(anonymous_1)
DA:5,5
DA:6,5
DA:8,5
DA:10,5
DA:11,5
DA:12,5
DA:13,5
DA:14,5
DA:16,5
DA:18,5
DA:20,5
DA:21,5
DA:22,5
DA:23,5
DA:25,5
DA:26,5
DA:27,5
DA:28,5
DA:32,5
DA:33,2
DA:37,5
DA:38,56
DA:41,56
DA:43,56
DA:48,5
LF:25
LH:25
BRDA:38,0,0,1
BRDA:38,0,1,55
BRF:2
BRH:2
end_of_record
TN:
SF:config.js
FN:13,getDatabaseUri
FNF:1
FNH:1
FNDA:12,getDatabaseUri
DA:5,11
DA:6,11
DA:8,11
DA:10,11
DA:14,12
DA:21,11
DA:23,11
DA:24,1
DA:34,11
LF:9
LH:9
BRDA:8,0,0,11
BRDA:8,0,1,10
BRDA:10,1,0,11
BRDA:10,1,1,10
BRDA:14,2,0,9
BRDA:14,2,1,3
BRDA:16,3,0,3
BRDA:16,3,1,1
BRDA:21,4,0,10
BRDA:21,4,1,1
BRDA:23,5,0,1
BRDA:23,5,1,10
BRF:12
BRH:12
end_of_record
TN:
SF:db.js
FN:14,connectDb
FNF:1
FNH:1
FNDA:8,connectDb
DA:5,8
DA:6,8
DA:8,8
DA:10,8
DA:16,8
DA:17,8
DA:18,8
DA:19,8
DA:25,8
DA:27,8
LF:10
LH:10
BRF:0
BRH:0
end_of_record
TN:
SF:expressError.js
FN:10,(anonymous_0)
FN:20,(anonymous_1)
FN:28,(anonymous_2)
FN:36,(anonymous_3)
FN:44,(anonymous_4)
FNF:5
FNH:4
FNDA:79,(anonymous_0)
FNDA:24,(anonymous_1)
FNDA:31,(anonymous_2)
FNDA:24,(anonymous_3)
FNDA:0,(anonymous_4)
DA:11,79
DA:12,79
DA:13,79
DA:21,24
DA:29,31
DA:37,24
DA:45,0
DA:49,10
LF:8
LH:7
BRDA:20,0,0,2
BRDA:28,1,0,27
BRDA:36,2,0,0
BRDA:44,3,0,0
BRF:4
BRH:2
end_of_record
TN:
SF:helpers/sql.js
FN:16,sqlForPartialUpdate
FN:21,(anonymous_1)
FNF:2
FNH:2
FNDA:22,sqlForPartialUpdate
FNDA:38,(anonymous_1)
DA:3,9
DA:17,22
DA:18,22
DA:21,19
DA:22,38
DA:25,19
DA:31,9
LF:7
LH:7
BRDA:18,0,0,3
BRDA:18,0,1,19
BRDA:22,1,0,38
BRDA:22,1,1,23
BRF:4
BRH:4
end_of_record
TN:
SF:helpers/tokens.js
FN:8,createToken
FNF:1
FNH:1
FNDA:19,createToken
DA:3,6
DA:4,6
DA:9,19
DA:14,19
DA:17,6
LF:5
LH:5
BRF:0
BRH:0
end_of_record
TN:
SF:middleware/auth.js
FN:18,authenticateJWT
FN:38,ensureLoggedIn
FN:48,ensureIsAdmin
FN:60,ensureIsAdminOrUser
FNF:4
FNH:4
FNDA:88,authenticateJWT
FNDA:3,ensureLoggedIn
FNDA:40,ensureIsAdmin
FNDA:25,ensureIsAdminOrUser
DA:5,6
DA:6,6
DA:7,6
DA:19,88
DA:20,88
DA:21,52
DA:23,52
DA:24,52
DA:29,88
DA:39,3
DA:40,2
DA:50,40
DA:51,16
DA:61,25
DA:63,25
DA:64,9
DA:68,6
LF:17
LH:17
BRDA:20,0,0,52
BRDA:20,0,1,36
BRDA:39,1,0,1
BRDA:39,1,1,2
BRDA:50,2,0,24
BRDA:50,2,1,16
BRDA:50,3,0,40
BRDA:50,3,1,24
BRDA:63,4,0,16
BRDA:63,4,1,9
BRDA:63,5,0,25
BRDA:63,5,1,14
BRF:12
BRH:12
end_of_record
TN:
SF:models/_testCommon.js
FN:9,commonBeforeAll
FN:43,(anonymous_1)
FN:46,commonBeforeEach
FN:50,commonAfterEach
FN:54,commonAfterAll
FNF:5
FNH:5
FNDA:3,commonBeforeAll
FNDA:9,(anonymous_1)
FNDA:53,commonBeforeEach
FNDA:53,commonAfterEach
FNDA:3,commonAfterAll
DA:3,3
DA:5,3
DA:6,3
DA:7,3
DA:11,3
DA:13,3
DA:15,3
DA:17,3
DA:23,3
DA:36,3
DA:43,9
DA:47,53
DA:51,53
DA:55,3
DA:58,3
LF:15
LH:15
BRF:0
BRH:0
end_of_record
TN:
SF:models/company.js
FN:19,(anonymous_0)
FN:62,(anonymous_1)
FN:102,(anonymous_2)
FN:111,(anonymous_3)
FN:132,(anonymous_4)
FN:173,(anonymous_5)
FN:205,(anonymous_6)
FNF:7
FNH:7
FNDA:16,(anonymous_0)
FNDA:6,(anonymous_1)
FNDA:7,(anonymous_2)
FNDA:5,(anonymous_3)
FNDA:5,(anonymous_4)
FNDA:6,(anonymous_5)
FNDA:4,(anonymous_6)
DA:3,7
DA:4,7
DA:5,7
DA:20,16
DA:25,16
DA:26,1
DA:28,15
DA:48,15
DA:50,15
DA:63,6
DA:64,6
DA:66,6
DA:67,2
DA:79,4
DA:82,4
DA:92,4
DA:103,7
DA:105,7
DA:106,3
DA:109,4
DA:111,4
DA:112,5
DA:113,2
DA:114,2
DA:117,4
DA:133,5
DA:142,5
DA:144,5
DA:146,3
DA:156,3
DA:158,3
DA:174,6
DA:180,5
DA:182,5
DA:192,5
DA:193,5
DA:195,5
DA:197,3
DA:206,4
DA:211,4
DA:213,4
DA:218,7
LF:42
LH:42
BRDA:25,0,0,1
BRDA:25,0,1,15
BRDA:62,1,0,1
BRDA:66,2,0,2
BRDA:66,2,1,4
BRDA:105,3,0,3
BRDA:105,3,1,4
BRDA:112,4,0,3
BRDA:112,4,1,2
BRDA:113,5,0,0
BRDA:113,5,1,2
BRDA:114,6,0,2
BRDA:114,6,1,0
BRDA:144,7,0,2
BRDA:144,7,1,3
BRDA:195,8,0,2
BRDA:195,8,1,3
BRDA:213,9,0,2
BRDA:213,9,1,2
BRF:19
BRH:17
end_of_record
TN:
SF:models/job.js
FN:20,(anonymous_0)
FN:56,(anonymous_1)
FN:79,(anonymous_2)
FN:89,(anonymous_3)
FN:119,(anonymous_4)
FN:145,(anonymous_5)
FN:190,(anonymous_6)
FN:225,(anonymous_7)
FNF:8
FNH:8
FNDA:21,(anonymous_0)
FNDA:8,(anonymous_1)
FNDA:11,(anonymous_2)
FNDA:10,(anonymous_3)
FNDA:4,(anonymous_4)
FNDA:4,(anonymous_5)
FNDA:5,(anonymous_6)
FNDA:4,(anonymous_7)
DA:3,6
DA:4,6
DA:5,6
DA:21,21
DA:27,21
DA:29,21
DA:31,20
DA:40,20
DA:42,20
DA:57,8
DA:59,8
DA:69,8
DA:80,11
DA:82,11
DA:83,3
DA:87,8
DA:89,8
DA:90,10
DA:91,6
DA:92,3
DA:93,2
DA:95,1
DA:98,3
DA:101,8
DA:102,3
DA:105,8
DA:121,4
DA:130,4
DA:132,4
DA:134,2
DA:148,4
DA:157,4
DA:159,4
DA:161,2
DA:170,2
DA:172,2
DA:174,2
DA:191,5
DA:197,5
DA:199,5
DA:210,5
DA:211,4
DA:214,4
DA:216,2
DA:226,4
DA:231,4
DA:233,4
DA:238,6
LF:48
LH:48
BRDA:29,0,0,1
BRDA:29,0,1,20
BRDA:56,1,0,1
BRDA:82,2,0,3
BRDA:82,2,1,8
BRDA:90,3,0,4
BRDA:90,3,1,6
BRDA:91,4,0,3
BRDA:91,4,1,3
BRDA:92,5,0,2
BRDA:92,5,1,1
BRDA:98,6,0,3
BRDA:98,6,1,0
BRDA:101,7,0,3
BRDA:101,7,1,5
BRDA:132,8,0,2
BRDA:132,8,1,2
BRDA:159,9,0,2
BRDA:159,9,1,2
BRDA:172,10,0,0
BRDA:172,10,1,2
BRDA:214,11,0,2
BRDA:214,11,1,2
BRDA:233,12,0,1
BRDA:233,12,1,3
BRF:25
BRH:23
end_of_record
TN:
SF:models/user.js
FN:24,(anonymous_0)
FN:58,(anonymous_1)
FN:106,(anonymous_2)
FN:128,(anonymous_3)
FN:149,(anonymous_4)
FN:171,(anonymous_5)
FN:205,(anonymous_6)
FN:224,(anonymous_7)
FNF:8
FNH:7
FNDA:7,(anonymous_0)
FNDA:23,(anonymous_1)
FNDA:2,(anonymous_2)
FNDA:5,(anonymous_3)
FNDA:0,(anonymous_4)
FNDA:8,(anonymous_5)
FNDA:5,(anonymous_6)
FNDA:6,(anonymous_7)
DA:3,6
DA:4,6
DA:5,6
DA:10,6
DA:12,6
DA:26,7
DA:37,7
DA:39,7
DA:41,4
DA:42,4
DA:43,3
DA:44,3
DA:48,4
DA:60,23
DA:66,23
DA:67,1
DA:70,22
DA:72,22
DA:96,22
DA:98,22
DA:107,2
DA:117,2
DA:129,5
DA:139,5
DA:141,5
DA:143,3
DA:149,3
DA:151,3
DA:172,8
DA:173,2
DA:176,8
DA:183,7
DA:185,7
DA:194,7
DA:195,7
DA:197,7
DA:199,5
DA:200,5
DA:206,5
DA:212,5
DA:214,5
DA:225,6
DA:231,6
DA:233,4
DA:239,3
DA:241,3
DA:248,3
DA:254,6
LF:48
LH:48
BRDA:39,0,0,4
BRDA:39,0,1,3
BRDA:42,1,0,3
BRDA:42,1,1,1
BRDA:66,2,0,1
BRDA:66,2,1,22
BRDA:141,3,0,2
BRDA:141,3,1,3
BRDA:172,4,0,2
BRDA:172,4,1,6
BRDA:197,5,0,2
BRDA:197,5,1,5
BRDA:214,6,0,2
BRDA:214,6,1,3
BRDA:231,7,0,2
BRDA:231,7,1,4
BRDA:239,8,0,0
BRDA:239,8,1,3
BRF:18
BRH:17
end_of_record
TN:
SF:routes/_testCommon.js
FN:10,commonBeforeAll
FN:103,commonBeforeEach
FN:107,commonAfterEach
FN:111,commonAfterAll
FNF:4
FNH:4
FNDA:4,commonBeforeAll
FNDA:83,commonBeforeEach
FNDA:83,commonAfterEach
FNDA:4,commonAfterAll
DA:3,4
DA:4,4
DA:5,4
DA:6,4
DA:7,4
DA:8,4
DA:12,4
DA:14,4
DA:16,4
DA:24,4
DA:32,4
DA:41,4
DA:49,4
DA:57,4
DA:65,4
DA:74,4
DA:81,4
DA:83,4
DA:89,4
DA:95,4
DA:104,83
DA:108,83
DA:112,4
DA:116,4
DA:117,4
DA:118,4
DA:121,4
LF:27
LH:27
BRF:0
BRH:0
end_of_record
TN:
SF:routes/auth.js
FN:22,(anonymous_0)
FN:29,(anonymous_1)
FN:49,(anonymous_2)
FN:56,(anonymous_3)
FNF:4
FNH:4
FNDA:5,(anonymous_0)
FNDA:2,(anonymous_1)
FNDA:3,(anonymous_2)
FNDA:5,(anonymous_3)
DA:5,5
DA:7,5
DA:8,5
DA:9,5
DA:10,5
DA:11,5
DA:12,5
DA:13,5
DA:22,5
DA:23,5
DA:28,5
DA:29,2
DA:30,2
DA:33,3
DA:34,3
DA:35,1
DA:36,1
DA:49,5
DA:50,3
DA:55,3
DA:56,5
DA:57,2
DA:60,1
DA:61,1
DA:62,1
DA:66,5
LF:26
LH:26
BRDA:28,0,0,2
BRDA:28,0,1,3
BRDA:55,1,0,2
BRDA:55,1,1,1
BRF:4
BRH:4
end_of_record
TN:
SF:routes/companies.js
FN:27,(anonymous_0)
FN:34,(anonymous_1)
FN:53,(anonymous_2)
FN:69,(anonymous_3)
FN:85,(anonymous_4)
FN:101,(anonymous_5)
FN:108,(anonymous_6)
FN:122,(anonymous_7)
FNF:8
FNH:8
FNDA:3,(anonymous_0)
FNDA:3,(anonymous_1)
FNDA:4,(anonymous_2)
FNDA:1,(anonymous_3)
FNDA:3,(anonymous_4)
FNDA:4,(anonymous_5)
FNDA:2,(anonymous_6)
FNDA:2,(anonymous_7)
DA:5,5
DA:6,5
DA:8,5
DA:9,5
DA:10,5
DA:12,5
DA:13,5
DA:14,5
DA:16,5
DA:27,5
DA:28,3
DA:33,3
DA:34,3
DA:35,2
DA:38,1
DA:39,1
DA:53,5
DA:54,4
DA:55,4
DA:56,2
DA:58,4
DA:59,1
DA:62,4
DA:68,4
DA:69,1
DA:70,1
DA:73,3
DA:74,2
DA:85,5
DA:86,3
DA:87,2
DA:101,5
DA:102,4
DA:107,4
DA:108,2
DA:109,2
DA:112,2
DA:113,1
DA:122,5
DA:123,2
DA:124,1
DA:128,5
LF:42
LH:42
BRDA:33,0,0,2
BRDA:33,0,1,1
BRDA:55,1,0,2
BRDA:55,1,1,2
BRDA:58,2,0,1
BRDA:58,2,1,3
BRDA:68,3,0,1
BRDA:68,3,1,3
BRDA:107,4,0,2
BRDA:107,4,1,2
BRF:10
BRH:10
end_of_record
TN:
SF:routes/jobs.js
FN:31,(anonymous_0)
FN:39,(anonymous_1)
FN:60,(anonymous_2)
FN:76,(anonymous_3)
FN:92,(anonymous_4)
FN:105,(anonymous_5)
FN:121,(anonymous_6)
FN:129,(anonymous_7)
FN:143,(anonymous_8)
FNF:9
FNH:9
FNDA:3,(anonymous_0)
FNDA:5,(anonymous_1)
FNDA:4,(anonymous_2)
FNDA:1,(anonymous_3)
FNDA:2,(anonymous_4)
FNDA:2,(anonymous_5)
FNDA:4,(anonymous_6)
FNDA:2,(anonymous_7)
FNDA:2,(anonymous_8)
DA:5,5
DA:6,5
DA:8,5
DA:9,5
DA:10,5
DA:11,5
DA:13,5
DA:14,5
DA:15,5
DA:17,5
DA:31,5
DA:32,3
DA:38,3
DA:39,5
DA:40,2
DA:43,1
DA:45,1
DA:60,5
DA:61,4
DA:62,4
DA:63,1
DA:65,4
DA:66,1
DA:69,4
DA:75,4
DA:76,1
DA:77,1
DA:80,3
DA:81,3
DA:92,5
DA:93,2
DA:94,1
DA:105,5
DA:106,2
DA:107,1
DA:121,5
DA:122,4
DA:128,4
DA:129,2
DA:130,2
DA:133,2
DA:134,1
DA:143,5
DA:144,2
DA:145,1
DA:150,5
LF:46
LH:46
BRDA:38,0,0,2
BRDA:38,0,1,1
BRDA:62,1,0,1
BRDA:62,1,1,3
BRDA:65,2,0,1
BRDA:65,2,1,3
BRDA:75,3,0,1
BRDA:75,3,1,3
BRDA:128,4,0,2
BRDA:128,4,1,2
BRF:10
BRH:10
end_of_record
TN:
SF:routes/users.js
FN:29,(anonymous_0)
FN:36,(anonymous_1)
FN:53,(anonymous_2)
FN:66,(anonymous_3)
FN:82,(anonymous_4)
FN:89,(anonymous_5)
FN:103,(anonymous_6)
FN:115,(anonymous_7)
FNF:8
FNH:8
FNDA:4,(anonymous_0)
FNDA:5,(anonymous_1)
FNDA:1,(anonymous_2)
FNDA:3,(anonymous_3)
FNDA:5,(anonymous_4)
FNDA:1,(anonymous_5)
FNDA:3,(anonymous_6)
FNDA:3,(anonymous_7)
DA:5,5
DA:7,5
DA:8,5
DA:9,5
DA:10,5
DA:11,5
DA:12,5
DA:13,5
DA:15,5
DA:29,5
DA:30,4
DA:35,4
DA:36,5
DA:37,2
DA:40,2
DA:41,2
DA:42,2
DA:53,5
DA:54,1
DA:55,1
DA:66,5
DA:67,3
DA:68,2
DA:82,5
DA:83,5
DA:88,5
DA:89,1
DA:90,1
DA:93,4
DA:94,3
DA:103,5
DA:104,3
DA:105,2
DA:115,5
DA:116,3
DA:117,3
DA:119,3
DA:120,2
DA:124,5
LF:39
LH:39
BRDA:35,0,0,2
BRDA:35,0,1,2
BRDA:88,1,0,1
BRDA:88,1,1,4
BRF:4
BRH:4
end_of_record
